<?xml version="1.0" encoding="UTF-8"?>
<!-- Generated by org.testng.reporters.JUnitXMLReporter -->
<testsuite ignored="3" hostname="DESKTOP-3BAD12A" failures="0" tests="3" name="Test" time="10.145" errors="0" timestamp="31 Mar 2022 12:06:18 GMT">
  <testcase classname="org.flipkart.stepdefinition.Flipkart" name="button" time="0.16"/>
  <testcase classname="org.flipkart.stepdefinition.Flipkart" name="search" time="0.245"/>
  <testcase classname="org.flipkart.stepdefinition.Flipkart" name="home" time="0.253"/>
  <testcase classname="org.flipkart.stepdefinition.Flipkart" name="hover" time="0.0">
    <ignored/>
  </testcase> <!-- hover -->
  <testcase classname="org.flipkart.stepdefinition.Flipkart" name="hover2" time="0.0">
    <ignored/>
  </testcase> <!-- hover2 -->
  <testcase classname="org.flipkart.stepdefinition.Flipkart" name="fetch" time="0.0">
    <ignored/>
  </testcase> <!-- fetch -->
</testsuite> <!-- Test -->
