<?xml version="1.0" encoding="UTF-8"?>
<testng-results ignored="3" total="6" passed="3" failed="0" skipped="0">
  <reporter-output>
  </reporter-output>
  <suite started-at="2022-03-31T12:06:08Z" name="Suite" finished-at="2022-03-31T12:06:18Z" duration-ms="10145">
    <groups>
      <group name="sanity">
        <method signature="Flipkart.button()[pri:1, instance:org.flipkart.stepdefinition.Flipkart@3561c410]" name="button" class="org.flipkart.stepdefinition.Flipkart"/>
        <method signature="Flipkart.home()[pri:3, instance:org.flipkart.stepdefinition.Flipkart@3561c410]" name="home" class="org.flipkart.stepdefinition.Flipkart"/>
        <method signature="Flipkart.search()[pri:2, instance:org.flipkart.stepdefinition.Flipkart@3561c410]" name="search" class="org.flipkart.stepdefinition.Flipkart"/>
      </group> <!-- sanity -->
    </groups>
    <test started-at="2022-03-31T12:06:08Z" name="Test" finished-at="2022-03-31T12:06:18Z" duration-ms="10145">
      <class name="org.flipkart.stepdefinition.Flipkart">
        <test-method is-config="true" signature="beforeClass()[pri:0, instance:org.flipkart.stepdefinition.Flipkart@3561c410]" started-at="2022-03-31T12:06:08Z" name="beforeClass" finished-at="2022-03-31T12:06:17Z" duration-ms="9443" status="PASS">
          <reporter-output>
          </reporter-output>
        </test-method> <!-- beforeClass -->
        <test-method is-config="true" signature="beforeTime()[pri:0, instance:org.flipkart.stepdefinition.Flipkart@3561c410]" started-at="2022-03-31T12:06:17Z" name="beforeTime" finished-at="2022-03-31T12:06:17Z" duration-ms="1" status="PASS">
          <reporter-output>
          </reporter-output>
        </test-method> <!-- beforeTime -->
        <test-method signature="button()[pri:1, instance:org.flipkart.stepdefinition.Flipkart@3561c410]" started-at="2022-03-31T12:06:17Z" name="button" finished-at="2022-03-31T12:06:18Z" duration-ms="160" status="PASS">
          <reporter-output>
          </reporter-output>
        </test-method> <!-- button -->
        <test-method is-config="true" signature="afterTime()[pri:0, instance:org.flipkart.stepdefinition.Flipkart@3561c410]" started-at="2022-03-31T12:06:18Z" name="afterTime" finished-at="2022-03-31T12:06:18Z" duration-ms="0" status="PASS">
          <reporter-output>
          </reporter-output>
        </test-method> <!-- afterTime -->
        <test-method is-config="true" signature="beforeTime()[pri:0, instance:org.flipkart.stepdefinition.Flipkart@3561c410]" started-at="2022-03-31T12:06:18Z" name="beforeTime" finished-at="2022-03-31T12:06:18Z" duration-ms="0" status="PASS">
          <reporter-output>
          </reporter-output>
        </test-method> <!-- beforeTime -->
        <test-method signature="search()[pri:2, instance:org.flipkart.stepdefinition.Flipkart@3561c410]" started-at="2022-03-31T12:06:18Z" name="search" finished-at="2022-03-31T12:06:18Z" duration-ms="245" status="PASS">
          <reporter-output>
          </reporter-output>
        </test-method> <!-- search -->
        <test-method is-config="true" signature="afterTime()[pri:0, instance:org.flipkart.stepdefinition.Flipkart@3561c410]" started-at="2022-03-31T12:06:18Z" name="afterTime" finished-at="2022-03-31T12:06:18Z" duration-ms="1" status="PASS">
          <reporter-output>
          </reporter-output>
        </test-method> <!-- afterTime -->
        <test-method signature="home()[pri:3, instance:org.flipkart.stepdefinition.Flipkart@3561c410]" started-at="2022-03-31T12:06:18Z" name="home" finished-at="2022-03-31T12:06:18Z" duration-ms="253" status="PASS">
          <reporter-output>
          </reporter-output>
        </test-method> <!-- home -->
        <test-method is-config="true" signature="beforeTime()[pri:0, instance:org.flipkart.stepdefinition.Flipkart@3561c410]" started-at="2022-03-31T12:06:18Z" name="beforeTime" finished-at="2022-03-31T12:06:18Z" duration-ms="0" status="PASS">
          <reporter-output>
          </reporter-output>
        </test-method> <!-- beforeTime -->
        <test-method is-config="true" signature="afterTime()[pri:0, instance:org.flipkart.stepdefinition.Flipkart@3561c410]" started-at="2022-03-31T12:06:18Z" name="afterTime" finished-at="2022-03-31T12:06:18Z" duration-ms="1" status="PASS">
          <reporter-output>
          </reporter-output>
        </test-method> <!-- afterTime -->
      </class> <!-- org.flipkart.stepdefinition.Flipkart -->
    </test> <!-- Test -->
  </suite> <!-- Suite -->
</testng-results>
